{"level":"info","message":"Database connection successful","timestamp":"2024-12-19T00:07:09.817Z"}
{"level":"info","message":"Server is running on port 5000","timestamp":"2024-12-19T00:07:09.828Z"}
{"level":"info","message":"Database connection successful","timestamp":"2024-12-19T00:07:24.076Z"}
{"level":"info","message":"Server is running on port 5000","timestamp":"2024-12-19T00:07:24.096Z"}
{"level":"info","message":"Database connection successful","timestamp":"2024-12-19T00:09:56.384Z"}
{"level":"info","message":"Server is running on port 5000","timestamp":"2024-12-19T00:09:56.396Z"}
{"level":"info","message":"Database connection successful","timestamp":"2024-12-19T00:10:41.473Z"}
{"level":"info","message":"Server is running on port 5000","timestamp":"2024-12-19T00:10:41.490Z"}
{"level":"info","message":"Database connection successful","timestamp":"2024-12-19T00:13:17.139Z"}
{"level":"info","message":"Server is running on port 5000","timestamp":"2024-12-19T00:13:17.155Z"}
{"level":"info","message":"Database connection successful","timestamp":"2024-12-19T00:13:45.047Z"}
{"level":"info","message":"Server is running on port 5000","timestamp":"2024-12-19T00:13:45.063Z"}
{"level":"info","message":"Database connection successful","timestamp":"2024-12-19T00:14:52.508Z"}
{"level":"info","message":"Server is running on port 5000","timestamp":"2024-12-19T00:14:52.521Z"}
{"level":"info","message":"Database connection successful","timestamp":"2024-12-19T00:19:21.838Z"}
{"level":"info","message":"Server is running on port 5000","timestamp":"2024-12-19T00:19:21.846Z"}
{"level":"info","message":"Database connection successful","timestamp":"2024-12-19T00:21:38.137Z"}
{"level":"info","message":"Server is running on port 5000","timestamp":"2024-12-19T00:21:38.147Z"}
{"level":"info","message":"Database connection successful","timestamp":"2024-12-19T00:22:46.671Z"}
{"level":"info","message":"Server is running on port 5000","timestamp":"2024-12-19T00:22:46.691Z"}
{"level":"info","message":"Database connection successful","timestamp":"2024-12-19T00:23:04.246Z"}
{"level":"info","message":"Server is running on port 5000","timestamp":"2024-12-19T00:23:04.257Z"}
{"level":"info","message":"Database connection successful","timestamp":"2024-12-19T00:23:48.159Z"}
{"level":"info","message":"Server is running on port 5000","timestamp":"2024-12-19T00:23:48.171Z"}
{"level":"info","message":"Database connection successful","timestamp":"2024-12-19T00:26:12.477Z"}
{"level":"info","message":"Server is running on port 5000","timestamp":"2024-12-19T00:26:12.506Z"}
{"level":"info","message":"Database connection successful","timestamp":"2024-12-19T00:26:29.073Z"}
{"level":"info","message":"Server is running on port 5000","timestamp":"2024-12-19T00:26:29.083Z"}
{"level":"info","message":"Database connection successful","timestamp":"2024-12-19T00:26:36.193Z"}
{"level":"info","message":"Server is running on port 5000","timestamp":"2024-12-19T00:26:36.201Z"}
{"level":"info","message":"Database connection successful","timestamp":"2024-12-19T00:27:42.616Z"}
{"level":"info","message":"Server is running on port 5000","timestamp":"2024-12-19T00:27:42.628Z"}
{"level":"info","message":"Database connection successful","timestamp":"2024-12-19T00:27:54.139Z"}
{"level":"info","message":"Server is running on port 5000","timestamp":"2024-12-19T00:27:54.145Z"}
{"level":"info","message":"Database connection successful","timestamp":"2024-12-19T00:28:02.482Z"}
{"level":"info","message":"Server is running on port 5000","timestamp":"2024-12-19T00:28:02.490Z"}
{"level":"info","message":"Database connection successful","timestamp":"2024-12-19T00:28:12.903Z"}
{"level":"info","message":"Server is running on port 5000","timestamp":"2024-12-19T00:28:12.910Z"}
{"level":"info","message":"Database connection successful","timestamp":"2024-12-19T00:28:20.754Z"}
{"level":"info","message":"Server is running on port 5000","timestamp":"2024-12-19T00:28:20.760Z"}
{"level":"info","message":"Database connection successful","timestamp":"2024-12-19T00:31:30.041Z"}
{"level":"info","message":"Server is running on port 5000","timestamp":"2024-12-19T00:31:30.064Z"}
{"level":"info","message":"Database connection successful","timestamp":"2024-12-19T00:31:34.715Z"}
{"level":"info","message":"Server is running on port 5000","timestamp":"2024-12-19T00:31:34.740Z"}
{"headers":{"accept":"*/*","accept-encoding":"gzip, deflate, br","cache-control":"no-cache","connection":"keep-alive","content-length":"135","content-type":"application/json","host":"localhost:5000","postman-token":"530d00cd-745a-4919-9997-f3a786f264fc","user-agent":"PostmanRuntime/7.43.0"},"level":"info","message":"Incoming Request: POST /api/user/register","query":{},"timestamp":"2024-12-19T00:35:37.702Z"}
{"headers":{"accept":"*/*","accept-encoding":"gzip, deflate, br","cache-control":"no-cache","connection":"keep-alive","content-length":"134","content-type":"application/json","host":"localhost:5000","postman-token":"e84fb7f5-912a-4e16-af5c-f15cde37a937","user-agent":"PostmanRuntime/7.43.0"},"level":"info","message":"Incoming Request: POST /api/user/register","query":{},"timestamp":"2024-12-19T00:36:18.817Z"}
{"level":"info","message":"Database connection successful","timestamp":"2024-12-19T00:40:52.210Z"}
{"level":"info","message":"Server is running on port 5000","timestamp":"2024-12-19T00:40:52.222Z"}
{"headers":{"accept":"*/*","accept-encoding":"gzip, deflate, br","cache-control":"no-cache","connection":"keep-alive","content-length":"134","content-type":"application/json","host":"localhost:5000","postman-token":"24f358ee-eb0e-4404-a588-8f444eb5afab","user-agent":"PostmanRuntime/7.43.0"},"level":"info","message":"Incoming Request: POST /api/user/register","query":{},"timestamp":"2024-12-19T00:41:21.887Z"}
{"headers":{"accept":"*/*","accept-encoding":"gzip, deflate, br","cache-control":"no-cache","connection":"keep-alive","content-length":"134","content-type":"application/json","host":"localhost:5000","postman-token":"708d1618-13e3-4612-a169-f31ad0e6aec7","user-agent":"PostmanRuntime/7.43.0"},"level":"info","message":"Incoming Request: POST /api/user/register","query":{},"timestamp":"2024-12-19T00:54:03.146Z"}
{"headers":{"accept":"*/*","accept-encoding":"gzip, deflate, br","cache-control":"no-cache","connection":"keep-alive","content-length":"131","content-type":"application/json","host":"localhost:5000","postman-token":"cb17d4bc-d0b6-4639-b5c8-b852c93a7e47","user-agent":"PostmanRuntime/7.43.0"},"level":"info","message":"Incoming Request: POST /api/user/register","query":{},"timestamp":"2024-12-19T00:54:51.815Z"}
{"headers":{"accept":"*/*","accept-encoding":"gzip, deflate, br","cache-control":"no-cache","connection":"keep-alive","content-length":"131","content-type":"application/json","host":"localhost:5000","postman-token":"e9a35b5d-e017-4a1a-90d6-eecea4bb26cc","user-agent":"PostmanRuntime/7.43.0"},"level":"info","message":"Incoming Request: POST /api/user/register","query":{},"timestamp":"2024-12-19T00:59:24.625Z"}
{"headers":{"accept":"*/*","accept-encoding":"gzip, deflate, br","cache-control":"no-cache","connection":"keep-alive","content-length":"131","content-type":"application/json","host":"localhost:5000","postman-token":"230b3b82-cd73-4ba5-8e0c-4b7232edd761","user-agent":"PostmanRuntime/7.43.0"},"level":"info","message":"Incoming Request: GET /api/user/all-users","query":{},"timestamp":"2024-12-19T00:59:40.179Z"}
{"level":"info","message":"Database connection successful","timestamp":"2024-12-19T01:04:54.255Z"}
{"level":"info","message":"Server is running on port 5000","timestamp":"2024-12-19T01:04:54.278Z"}
{"headers":{"accept":"*/*","accept-encoding":"gzip, deflate, br","cache-control":"no-cache","connection":"keep-alive","content-length":"131","content-type":"application/json","host":"localhost:5000","postman-token":"431e49f0-37c9-42c9-8504-4dd93a89895e","user-agent":"PostmanRuntime/7.43.0"},"level":"info","message":"Incoming Request: POST /api/user/register","query":{},"timestamp":"2024-12-19T01:05:43.614Z"}
{"headers":{"accept":"*/*","accept-encoding":"gzip, deflate, br","cache-control":"no-cache","connection":"keep-alive","content-length":"140","content-type":"application/json","host":"localhost:5000","postman-token":"21aad956-f9ec-4d93-ab6b-2f2c6ced08c4","user-agent":"PostmanRuntime/7.43.0"},"level":"info","message":"Incoming Request: POST /api/user/register","query":{},"timestamp":"2024-12-19T01:08:36.207Z"}
{"level":"info","message":"Database connection successful","timestamp":"2024-12-19T01:14:33.976Z"}
{"level":"info","message":"Server is running on port 5000","timestamp":"2024-12-19T01:14:34.059Z"}
{"headers":{"accept":"*/*","accept-encoding":"gzip, deflate, br","cache-control":"no-cache","connection":"keep-alive","content-length":"129","content-type":"application/json","host":"localhost:5000","postman-token":"675de35f-1d45-4e0d-9461-d6f64c2b102c","user-agent":"PostmanRuntime/7.43.0"},"level":"info","message":"Incoming Request: POST /api/user/register","query":{},"timestamp":"2024-12-19T01:15:00.590Z"}
{"level":"info","message":"Database connection successful","timestamp":"2024-12-19T01:29:47.132Z"}
{"level":"info","message":"Server is running on port 5000","timestamp":"2024-12-19T01:29:47.138Z"}
{"level":"info","message":"Database connection successful","timestamp":"2024-12-19T01:30:39.654Z"}
{"level":"info","message":"Server is running on port 5000","timestamp":"2024-12-19T01:30:39.664Z"}
{"level":"info","message":"Database connection successful","timestamp":"2024-12-19T01:40:42.074Z"}
{"level":"info","message":"Server is running on port 5000","timestamp":"2024-12-19T01:40:42.085Z"}
{"level":"info","message":"Database connection successful","timestamp":"2024-12-19T01:40:48.071Z"}
{"level":"info","message":"Server is running on port 5000","timestamp":"2024-12-19T01:40:48.081Z"}
{"level":"info","message":"Database connection successful","timestamp":"2024-12-19T01:41:14.746Z"}
{"level":"info","message":"Server is running on port 5000","timestamp":"2024-12-19T01:41:14.764Z"}
{"level":"info","message":"Database connection successful","timestamp":"2024-12-19T01:41:22.985Z"}
{"level":"info","message":"Server is running on port 5000","timestamp":"2024-12-19T01:41:23.002Z"}
{"level":"info","message":"Database connection successful","timestamp":"2024-12-19T01:41:29.349Z"}
{"level":"info","message":"Server is running on port 5000","timestamp":"2024-12-19T01:41:29.376Z"}
{"headers":{"accept":"*/*","accept-encoding":"gzip, deflate, br","cache-control":"no-cache","connection":"keep-alive","content-length":"133","content-type":"application/json","host":"localhost:5000","postman-token":"065377e8-1453-4d7e-a0c2-b9371baec169","user-agent":"PostmanRuntime/7.43.0"},"level":"info","message":"Incoming Request: POST /api/user/register","query":{},"timestamp":"2024-12-19T01:42:36.948Z"}
{"level":"info","message":"Database connection successful","timestamp":"2024-12-19T01:45:11.927Z"}
{"level":"info","message":"Server is running on port 5000","timestamp":"2024-12-19T01:45:11.936Z"}
{"headers":{"accept":"*/*","accept-encoding":"gzip, deflate, br","cache-control":"no-cache","connection":"keep-alive","content-length":"133","content-type":"application/json","host":"localhost:5000","postman-token":"574d18cd-d820-4d9b-af86-ed13ec075690","user-agent":"PostmanRuntime/7.43.0"},"level":"info","message":"Incoming Request: POST /api/user/register","query":{},"timestamp":"2024-12-19T01:45:27.439Z"}
{"level":"info","message":"Database connection successful","timestamp":"2024-12-19T01:47:45.726Z"}
{"level":"info","message":"Server is running on port 5000","timestamp":"2024-12-19T01:47:45.745Z"}
{"headers":{"accept":"*/*","accept-encoding":"gzip, deflate, br","cache-control":"no-cache","connection":"keep-alive","content-length":"133","content-type":"application/json","host":"localhost:5000","postman-token":"c2af5ae9-2a43-4257-87b4-f92d792b11ea","user-agent":"PostmanRuntime/7.43.0"},"level":"info","message":"Incoming Request: POST /api/user/register","query":{},"timestamp":"2024-12-19T01:47:51.798Z"}
{"level":"info","message":"Database connection successful","timestamp":"2024-12-19T01:49:15.943Z"}
{"level":"info","message":"Server is running on port 5000","timestamp":"2024-12-19T01:49:15.958Z"}
{"headers":{"accept":"*/*","accept-encoding":"gzip, deflate, br","cache-control":"no-cache","connection":"keep-alive","content-length":"133","content-type":"application/json","host":"localhost:5000","postman-token":"97fcfd81-75cd-4c20-a803-cd173fa9cc51","user-agent":"PostmanRuntime/7.43.0"},"level":"info","message":"Incoming Request: POST /api/user/register","query":{},"timestamp":"2024-12-19T01:49:53.245Z"}
{"level":"info","message":"Database connection successful","timestamp":"2024-12-19T01:51:18.824Z"}
{"level":"info","message":"Server is running on port 5000","timestamp":"2024-12-19T01:51:18.840Z"}
{"level":"info","message":"Database connection successful","timestamp":"2024-12-19T01:52:53.873Z"}
{"level":"info","message":"Server is running on port 5000","timestamp":"2024-12-19T01:52:53.892Z"}
{"level":"info","message":"Database connection successful","timestamp":"2024-12-19T01:54:13.746Z"}
{"level":"info","message":"Server is running on port 5000","timestamp":"2024-12-19T01:54:13.756Z"}
{"level":"info","message":"Database connection successful","timestamp":"2024-12-19T01:54:23.896Z"}
{"level":"info","message":"Server is running on port 5000","timestamp":"2024-12-19T01:54:23.907Z"}
{"headers":{"accept":"*/*","accept-encoding":"gzip, deflate, br","cache-control":"no-cache","connection":"keep-alive","content-length":"133","content-type":"application/json","host":"localhost:5000","postman-token":"cb9259b5-4478-42e6-8777-304570f9513d","user-agent":"PostmanRuntime/7.43.0"},"level":"info","message":"Incoming Request: POST /api/user/register","query":{},"timestamp":"2024-12-19T01:55:14.945Z"}
{"level":"info","message":"Database connection successful","timestamp":"2024-12-19T02:02:34.949Z"}
{"level":"info","message":"Server is running on port 5000","timestamp":"2024-12-19T02:02:34.965Z"}
{"level":"info","message":"Database connection successful","timestamp":"2024-12-19T02:02:50.743Z"}
{"level":"info","message":"Server is running on port 5000","timestamp":"2024-12-19T02:02:50.750Z"}
{"headers":{"accept":"*/*","accept-encoding":"gzip, deflate, br","cache-control":"no-cache","connection":"keep-alive","content-length":"133","content-type":"application/json","host":"localhost:5000","postman-token":"14b62e14-0021-4515-8650-81c0c45cfec2","user-agent":"PostmanRuntime/7.43.0"},"level":"info","message":"Incoming Request: POST /api/user/register","query":{},"timestamp":"2024-12-19T02:04:15.219Z"}
{"level":"info","message":"Database connection successful","timestamp":"2024-12-19T02:05:47.162Z"}
{"level":"info","message":"Server is running on port 5000","timestamp":"2024-12-19T02:05:47.169Z"}
{"level":"info","message":"Database connection successful","timestamp":"2024-12-19T02:06:37.122Z"}
{"level":"info","message":"Server is running on port 5000","timestamp":"2024-12-19T02:06:37.153Z"}
{"headers":{"accept":"*/*","accept-encoding":"gzip, deflate, br","cache-control":"no-cache","connection":"keep-alive","content-length":"133","content-type":"application/json","host":"localhost:5000","postman-token":"706ee224-4a38-41e9-baa2-11887c4b1822","user-agent":"PostmanRuntime/7.43.0"},"level":"info","message":"Incoming Request: POST /api/user/register","query":{},"timestamp":"2024-12-19T02:06:47.672Z"}
{"headers":{"accept":"*/*","accept-encoding":"gzip, deflate, br","cache-control":"no-cache","connection":"keep-alive","content-length":"133","content-type":"application/json","host":"localhost:5000","postman-token":"b55cc29b-cfdc-4a73-8c09-54689b5ae6cb","user-agent":"PostmanRuntime/7.43.0"},"level":"info","message":"Incoming Request: POST /api/user/register","query":{},"timestamp":"2024-12-19T02:07:30.003Z"}
{"headers":{"accept":"*/*","accept-encoding":"gzip, deflate, br","cache-control":"no-cache","connection":"keep-alive","content-length":"133","content-type":"application/json","host":"localhost:5000","postman-token":"26237789-f996-4fe0-b1a9-f17d988d2945","user-agent":"PostmanRuntime/7.43.0"},"level":"info","message":"Incoming Request: POST /api/user/register","query":{},"timestamp":"2024-12-19T02:08:34.670Z"}
{"headers":{"accept":"*/*","accept-encoding":"gzip, deflate, br","cache-control":"no-cache","connection":"keep-alive","content-length":"133","content-type":"application/json","host":"localhost:5000","postman-token":"22bbd1dd-b212-412f-a4b6-9a3148e5a851","user-agent":"PostmanRuntime/7.43.0"},"level":"info","message":"Incoming Request: POST /api/user/register","query":{},"timestamp":"2024-12-19T02:09:04.835Z"}
{"level":"info","message":"Database connection successful","timestamp":"2024-12-19T02:11:12.780Z"}
{"level":"info","message":"Server is running on port 5000","timestamp":"2024-12-19T02:11:12.794Z"}
{"headers":{"accept":"*/*","accept-encoding":"gzip, deflate, br","cache-control":"no-cache","connection":"keep-alive","content-length":"133","content-type":"application/json","host":"localhost:5000","postman-token":"ff6e29b8-26f9-44e6-b936-27d780906cc0","user-agent":"PostmanRuntime/7.43.0"},"level":"info","message":"Incoming Request: POST /api/user/register","query":{},"timestamp":"2024-12-19T02:11:23.069Z"}
{"level":"info","message":"Database connection successful","timestamp":"2024-12-19T02:13:58.576Z"}
{"level":"info","message":"Server is running on port 5000","timestamp":"2024-12-19T02:13:58.582Z"}
{"level":"info","message":"Database connection successful","timestamp":"2024-12-19T02:14:11.879Z"}
{"level":"info","message":"Server is running on port 5000","timestamp":"2024-12-19T02:14:11.916Z"}
{"level":"info","message":"Database connection successful","timestamp":"2024-12-19T02:14:58.476Z"}
{"level":"info","message":"Server is running on port 5000","timestamp":"2024-12-19T02:14:58.486Z"}
{"headers":{"accept":"*/*","accept-encoding":"gzip, deflate, br","cache-control":"no-cache","connection":"keep-alive","content-length":"133","content-type":"application/json","host":"localhost:5000","postman-token":"b03b1326-efda-4c7c-919b-9beb9fabb891","user-agent":"PostmanRuntime/7.43.0"},"level":"info","message":"Incoming Request: POST /api/user/register","query":{},"timestamp":"2024-12-19T02:16:33.389Z"}
{"level":"info","message":"Database connection successful","timestamp":"2024-12-19T02:17:44.311Z"}
{"level":"info","message":"Server is running on port 5000","timestamp":"2024-12-19T02:17:44.318Z"}
{"headers":{"accept":"*/*","accept-encoding":"gzip, deflate, br","cache-control":"no-cache","connection":"keep-alive","content-length":"133","content-type":"application/json","host":"localhost:5000","postman-token":"66ab9bfe-ab91-426e-9a73-b560d62abd35","user-agent":"PostmanRuntime/7.43.0"},"level":"info","message":"Incoming Request: POST /api/user/register","query":{},"timestamp":"2024-12-19T02:18:21.210Z"}
{"level":"info","message":"Database connection successful","timestamp":"2024-12-19T02:19:25.384Z"}
{"level":"info","message":"Server is running on port 5000","timestamp":"2024-12-19T02:19:25.407Z"}
{"headers":{"accept":"*/*","accept-encoding":"gzip, deflate, br","cache-control":"no-cache","connection":"keep-alive","content-length":"133","content-type":"application/json","host":"localhost:5000","postman-token":"c5b0f6c4-6978-441f-8fac-2b30087af365","user-agent":"PostmanRuntime/7.43.0"},"level":"info","message":"Incoming Request: POST /api/user/register","query":{},"timestamp":"2024-12-19T02:20:02.343Z"}
{"level":"info","message":"Database connection successful","timestamp":"2024-12-19T02:21:53.422Z"}
{"level":"info","message":"Server is running on port 5000","timestamp":"2024-12-19T02:21:53.439Z"}
{"level":"info","message":"Database connection successful","timestamp":"2024-12-19T02:21:58.631Z"}
{"level":"info","message":"Server is running on port 5000","timestamp":"2024-12-19T02:21:58.653Z"}
{"headers":{"accept":"*/*","accept-encoding":"gzip, deflate, br","cache-control":"no-cache","connection":"keep-alive","content-length":"133","content-type":"application/json","host":"localhost:5000","postman-token":"761e9d18-9a4d-4065-a28d-42673d843555","user-agent":"PostmanRuntime/7.43.0"},"level":"info","message":"Incoming Request: POST /api/user/register","query":{},"timestamp":"2024-12-19T02:22:33.946Z"}
{"level":"info","message":"Database connection successful","timestamp":"2024-12-19T02:24:59.833Z"}
{"level":"info","message":"Server is running on port 5000","timestamp":"2024-12-19T02:24:59.846Z"}
{"level":"info","message":"Database connection successful","timestamp":"2024-12-19T02:25:14.556Z"}
{"level":"info","message":"Server is running on port 5000","timestamp":"2024-12-19T02:25:14.570Z"}
{"headers":{"accept":"*/*","accept-encoding":"gzip, deflate, br","cache-control":"no-cache","connection":"keep-alive","content-length":"133","content-type":"application/json","host":"localhost:5000","postman-token":"b4817776-763d-4ed9-bfb8-001381f9faad","user-agent":"PostmanRuntime/7.43.0"},"level":"info","message":"Incoming Request: POST /api/user/register","query":{},"timestamp":"2024-12-19T02:25:47.061Z"}
{"level":"info","message":"Database connection successful","timestamp":"2024-12-19T02:30:04.462Z"}
{"level":"info","message":"Server is running on port 5000","timestamp":"2024-12-19T02:30:04.478Z"}
{"headers":{"accept":"*/*","accept-encoding":"gzip, deflate, br","cache-control":"no-cache","connection":"keep-alive","content-length":"133","content-type":"application/json","host":"localhost:5000","postman-token":"bfe31557-efc5-402d-a620-be2635209162","user-agent":"PostmanRuntime/7.43.0"},"level":"info","message":"Incoming Request: POST /api/user/register","query":{},"timestamp":"2024-12-19T02:31:06.853Z"}
{"level":"info","message":"Database connection successful","timestamp":"2024-12-19T02:34:48.653Z"}
{"level":"info","message":"Server is running on port 5000","timestamp":"2024-12-19T02:34:48.674Z"}
{"headers":{"accept":"*/*","accept-encoding":"gzip, deflate, br","cache-control":"no-cache","connection":"keep-alive","content-length":"133","content-type":"application/json","host":"localhost:5000","postman-token":"5deae38c-a524-4ed0-a009-194fb2c9b151","user-agent":"PostmanRuntime/7.43.0"},"level":"info","message":"Incoming Request: POST /api/user/register","query":{},"timestamp":"2024-12-19T02:35:00.279Z"}
{"headers":{"accept":"*/*","accept-encoding":"gzip, deflate, br","cache-control":"no-cache","connection":"keep-alive","content-length":"133","content-type":"application/json","host":"localhost:5000","postman-token":"cf65e057-bd1d-4d38-b2e5-54f028815099","user-agent":"PostmanRuntime/7.43.0"},"level":"info","message":"Incoming Request: POST /api/user/register","query":{},"timestamp":"2024-12-19T02:35:31.186Z"}
{"level":"info","message":"Database connection successful","timestamp":"2024-12-19T02:38:18.368Z"}
{"level":"info","message":"Server is running on port 5000","timestamp":"2024-12-19T02:38:18.377Z"}
{"level":"info","message":"Database connection successful","timestamp":"2024-12-19T02:40:49.396Z"}
{"level":"info","message":"Server is running on port 5000","timestamp":"2024-12-19T02:40:49.405Z"}
{"level":"info","message":"Database connection successful","timestamp":"2024-12-19T02:41:13.839Z"}
{"level":"info","message":"Server is running on port 5000","timestamp":"2024-12-19T02:41:13.850Z"}
{"level":"info","message":"Database connection successful","timestamp":"2024-12-19T02:41:41.246Z"}
{"level":"info","message":"Server is running on port 5000","timestamp":"2024-12-19T02:41:41.253Z"}
{"level":"info","message":"Database connection successful","timestamp":"2024-12-19T02:41:59.626Z"}
{"level":"info","message":"Server is running on port 5000","timestamp":"2024-12-19T02:41:59.642Z"}
{"level":"info","message":"Database connection successful","timestamp":"2024-12-19T02:42:15.939Z"}
{"level":"info","message":"Server is running on port 5000","timestamp":"2024-12-19T02:42:15.952Z"}
{"level":"info","message":"Database connection successful","timestamp":"2024-12-19T02:42:41.184Z"}
{"level":"info","message":"Server is running on port 5000","timestamp":"2024-12-19T02:42:41.192Z"}
{"level":"info","message":"Database connection successful","timestamp":"2024-12-19T02:42:45.787Z"}
{"level":"info","message":"Server is running on port 5000","timestamp":"2024-12-19T02:42:45.795Z"}
{"level":"info","message":"Database connection successful","timestamp":"2024-12-19T02:42:56.878Z"}
{"level":"info","message":"Server is running on port 5000","timestamp":"2024-12-19T02:42:56.884Z"}
{"level":"info","message":"Database connection successful","timestamp":"2024-12-19T02:43:00.363Z"}
{"level":"info","message":"Server is running on port 5000","timestamp":"2024-12-19T02:43:00.376Z"}
{"level":"info","message":"Database connection successful","timestamp":"2024-12-19T02:43:06.836Z"}
{"level":"info","message":"Server is running on port 5000","timestamp":"2024-12-19T02:43:06.848Z"}
{"level":"info","message":"Database connection successful","timestamp":"2024-12-19T02:43:58.313Z"}
{"level":"info","message":"Server is running on port 5000","timestamp":"2024-12-19T02:43:58.322Z"}
{"level":"info","message":"Database connection successful","timestamp":"2024-12-19T02:44:10.955Z"}
{"level":"info","message":"Server is running on port 5000","timestamp":"2024-12-19T02:44:10.965Z"}
{"level":"info","message":"Database connection successful","timestamp":"2024-12-19T02:44:37.257Z"}
{"level":"info","message":"Server is running on port 5000","timestamp":"2024-12-19T02:44:37.272Z"}
{"level":"info","message":"Database connection successful","timestamp":"2024-12-19T02:45:27.166Z"}
{"level":"info","message":"Server is running on port 5000","timestamp":"2024-12-19T02:45:27.175Z"}
{"level":"info","message":"Database connection successful","timestamp":"2024-12-19T02:45:46.260Z"}
{"level":"info","message":"Server is running on port 5000","timestamp":"2024-12-19T02:45:46.271Z"}
{"headers":{"accept":"text/html,application/xhtml+xml,application/xml;q=0.9,image/avif,image/webp,image/apng,*/*;q=0.8,application/signed-exchange;v=b3;q=0.7","accept-encoding":"gzip, deflate, br, zstd","accept-language":"en-US,en;q=0.9","connection":"keep-alive","host":"localhost:5000","sec-ch-ua":"\"Google Chrome\";v=\"131\", \"Chromium\";v=\"131\", \"Not_A Brand\";v=\"24\"","sec-ch-ua-mobile":"?0","sec-ch-ua-platform":"\"Windows\"","sec-fetch-dest":"document","sec-fetch-mode":"navigate","sec-fetch-site":"none","sec-fetch-user":"?1","upgrade-insecure-requests":"1","user-agent":"Mozilla/5.0 (Windows NT 10.0; Win64; x64) AppleWebKit/537.36 (KHTML, like Gecko) Chrome/131.0.0.0 Safari/537.36"},"level":"info","message":"Incoming Request: GET /api/docs/user","query":{},"timestamp":"2024-12-19T02:46:57.203Z"}
{"headers":{"accept":"text/html,application/xhtml+xml,application/xml;q=0.9,image/avif,image/webp,image/apng,*/*;q=0.8,application/signed-exchange;v=b3;q=0.7","accept-encoding":"gzip, deflate, br, zstd","accept-language":"en-US,en;q=0.9","connection":"keep-alive","host":"localhost:5000","sec-ch-ua":"\"Google Chrome\";v=\"131\", \"Chromium\";v=\"131\", \"Not_A Brand\";v=\"24\"","sec-ch-ua-mobile":"?0","sec-ch-ua-platform":"\"Windows\"","sec-fetch-dest":"document","sec-fetch-mode":"navigate","sec-fetch-site":"none","sec-fetch-user":"?1","upgrade-insecure-requests":"1","user-agent":"Mozilla/5.0 (Windows NT 10.0; Win64; x64) AppleWebKit/537.36 (KHTML, like Gecko) Chrome/131.0.0.0 Safari/537.36"},"level":"info","message":"Incoming Request: GET /api/docs/user/","query":{},"timestamp":"2024-12-19T02:46:57.228Z"}
{"headers":{"accept":"text/css,*/*;q=0.1","accept-encoding":"gzip, deflate, br, zstd","accept-language":"en-US,en;q=0.9","connection":"keep-alive","host":"localhost:5000","referer":"http://localhost:5000/api/docs/user/","sec-ch-ua":"\"Google Chrome\";v=\"131\", \"Chromium\";v=\"131\", \"Not_A Brand\";v=\"24\"","sec-ch-ua-mobile":"?0","sec-ch-ua-platform":"\"Windows\"","sec-fetch-dest":"style","sec-fetch-mode":"no-cors","sec-fetch-site":"same-origin","user-agent":"Mozilla/5.0 (Windows NT 10.0; Win64; x64) AppleWebKit/537.36 (KHTML, like Gecko) Chrome/131.0.0.0 Safari/537.36"},"level":"info","message":"Incoming Request: GET /api/docs/user/swagger-ui.css","query":{},"timestamp":"2024-12-19T02:46:57.366Z"}
{"headers":{"accept":"*/*","accept-encoding":"gzip, deflate, br, zstd","accept-language":"en-US,en;q=0.9","connection":"keep-alive","host":"localhost:5000","referer":"http://localhost:5000/api/docs/user/","sec-ch-ua":"\"Google Chrome\";v=\"131\", \"Chromium\";v=\"131\", \"Not_A Brand\";v=\"24\"","sec-ch-ua-mobile":"?0","sec-ch-ua-platform":"\"Windows\"","sec-fetch-dest":"script","sec-fetch-mode":"no-cors","sec-fetch-site":"same-origin","user-agent":"Mozilla/5.0 (Windows NT 10.0; Win64; x64) AppleWebKit/537.36 (KHTML, like Gecko) Chrome/131.0.0.0 Safari/537.36"},"level":"info","message":"Incoming Request: GET /api/docs/user/swagger-ui-bundle.js","query":{},"timestamp":"2024-12-19T02:46:57.373Z"}
{"headers":{"accept":"*/*","accept-encoding":"gzip, deflate, br, zstd","accept-language":"en-US,en;q=0.9","connection":"keep-alive","host":"localhost:5000","referer":"http://localhost:5000/api/docs/user/","sec-ch-ua":"\"Google Chrome\";v=\"131\", \"Chromium\";v=\"131\", \"Not_A Brand\";v=\"24\"","sec-ch-ua-mobile":"?0","sec-ch-ua-platform":"\"Windows\"","sec-fetch-dest":"script","sec-fetch-mode":"no-cors","sec-fetch-site":"same-origin","user-agent":"Mozilla/5.0 (Windows NT 10.0; Win64; x64) AppleWebKit/537.36 (KHTML, like Gecko) Chrome/131.0.0.0 Safari/537.36"},"level":"info","message":"Incoming Request: GET /api/docs/user/swagger-ui-standalone-preset.js","query":{},"timestamp":"2024-12-19T02:46:57.388Z"}
{"headers":{"accept":"*/*","accept-encoding":"gzip, deflate, br, zstd","accept-language":"en-US,en;q=0.9","connection":"keep-alive","host":"localhost:5000","referer":"http://localhost:5000/api/docs/user/","sec-ch-ua":"\"Google Chrome\";v=\"131\", \"Chromium\";v=\"131\", \"Not_A Brand\";v=\"24\"","sec-ch-ua-mobile":"?0","sec-ch-ua-platform":"\"Windows\"","sec-fetch-dest":"script","sec-fetch-mode":"no-cors","sec-fetch-site":"same-origin","user-agent":"Mozilla/5.0 (Windows NT 10.0; Win64; x64) AppleWebKit/537.36 (KHTML, like Gecko) Chrome/131.0.0.0 Safari/537.36"},"level":"info","message":"Incoming Request: GET /api/docs/user/swagger-ui-init.js","query":{},"timestamp":"2024-12-19T02:46:57.391Z"}
{"headers":{"accept":"image/avif,image/webp,image/apng,image/svg+xml,image/*,*/*;q=0.8","accept-encoding":"gzip, deflate, br, zstd","accept-language":"en-US,en;q=0.9","connection":"keep-alive","host":"localhost:5000","referer":"http://localhost:5000/api/docs/user/","sec-ch-ua":"\"Google Chrome\";v=\"131\", \"Chromium\";v=\"131\", \"Not_A Brand\";v=\"24\"","sec-ch-ua-mobile":"?0","sec-ch-ua-platform":"\"Windows\"","sec-fetch-dest":"image","sec-fetch-mode":"no-cors","sec-fetch-site":"same-origin","user-agent":"Mozilla/5.0 (Windows NT 10.0; Win64; x64) AppleWebKit/537.36 (KHTML, like Gecko) Chrome/131.0.0.0 Safari/537.36"},"level":"info","message":"Incoming Request: GET /api/docs/user/favicon-32x32.png","query":{},"timestamp":"2024-12-19T02:46:57.988Z"}
{"level":"info","message":"Database connection successful","timestamp":"2024-12-19T02:48:46.015Z"}
{"level":"info","message":"Server is running on port 5000","timestamp":"2024-12-19T02:48:46.023Z"}
{"level":"info","message":"Database connection successful","timestamp":"2024-12-19T02:48:54.685Z"}
{"level":"info","message":"Server is running on port 5000","timestamp":"2024-12-19T02:48:54.703Z"}
{"level":"info","message":"Database connection successful","timestamp":"2024-12-19T02:49:02.332Z"}
{"level":"info","message":"Server is running on port 5000","timestamp":"2024-12-19T02:49:02.338Z"}
{"level":"info","message":"Database connection successful","timestamp":"2024-12-19T02:49:11.371Z"}
{"level":"info","message":"Server is running on port 5000","timestamp":"2024-12-19T02:49:11.388Z"}
{"headers":{"accept":"text/html,application/xhtml+xml,application/xml;q=0.9,image/avif,image/webp,image/apng,*/*;q=0.8,application/signed-exchange;v=b3;q=0.7","accept-encoding":"gzip, deflate, br, zstd","accept-language":"en-US,en;q=0.9","cache-control":"max-age=0","connection":"keep-alive","host":"localhost:5000","if-none-match":"W/\"c22-H8FH9nKD8DeX/nvIRrte6ZjP2a4\"","sec-ch-ua":"\"Google Chrome\";v=\"131\", \"Chromium\";v=\"131\", \"Not_A Brand\";v=\"24\"","sec-ch-ua-mobile":"?0","sec-ch-ua-platform":"\"Windows\"","sec-fetch-dest":"document","sec-fetch-mode":"navigate","sec-fetch-site":"none","sec-fetch-user":"?1","upgrade-insecure-requests":"1","user-agent":"Mozilla/5.0 (Windows NT 10.0; Win64; x64) AppleWebKit/537.36 (KHTML, like Gecko) Chrome/131.0.0.0 Safari/537.36"},"level":"info","message":"Incoming Request: GET /api/docs/user/","query":{},"timestamp":"2024-12-19T02:49:16.235Z"}
{"headers":{"accept":"text/css,*/*;q=0.1","accept-encoding":"gzip, deflate, br, zstd","accept-language":"en-US,en;q=0.9","connection":"keep-alive","host":"localhost:5000","if-modified-since":"Tue, 17 Dec 2024 22:30:49 GMT","if-none-match":"W/\"25208-193d6bed038\"","referer":"http://localhost:5000/api/docs/user/","sec-ch-ua":"\"Google Chrome\";v=\"131\", \"Chromium\";v=\"131\", \"Not_A Brand\";v=\"24\"","sec-ch-ua-mobile":"?0","sec-ch-ua-platform":"\"Windows\"","sec-fetch-dest":"style","sec-fetch-mode":"no-cors","sec-fetch-site":"same-origin","user-agent":"Mozilla/5.0 (Windows NT 10.0; Win64; x64) AppleWebKit/537.36 (KHTML, like Gecko) Chrome/131.0.0.0 Safari/537.36"},"level":"info","message":"Incoming Request: GET /api/docs/user/swagger-ui.css","query":{},"timestamp":"2024-12-19T02:49:16.302Z"}
{"headers":{"accept":"*/*","accept-encoding":"gzip, deflate, br, zstd","accept-language":"en-US,en;q=0.9","connection":"keep-alive","host":"localhost:5000","if-modified-since":"Tue, 17 Dec 2024 22:30:50 GMT","if-none-match":"W/\"15c282-193d6bed46e\"","referer":"http://localhost:5000/api/docs/user/","sec-ch-ua":"\"Google Chrome\";v=\"131\", \"Chromium\";v=\"131\", \"Not_A Brand\";v=\"24\"","sec-ch-ua-mobile":"?0","sec-ch-ua-platform":"\"Windows\"","sec-fetch-dest":"script","sec-fetch-mode":"no-cors","sec-fetch-site":"same-origin","user-agent":"Mozilla/5.0 (Windows NT 10.0; Win64; x64) AppleWebKit/537.36 (KHTML, like Gecko) Chrome/131.0.0.0 Safari/537.36"},"level":"info","message":"Incoming Request: GET /api/docs/user/swagger-ui-bundle.js","query":{},"timestamp":"2024-12-19T02:49:16.308Z"}
{"headers":{"accept":"*/*","accept-encoding":"gzip, deflate, br, zstd","accept-language":"en-US,en;q=0.9","connection":"keep-alive","host":"localhost:5000","if-modified-since":"Tue, 17 Dec 2024 22:30:51 GMT","if-none-match":"W/\"38277-193d6bed6b1\"","referer":"http://localhost:5000/api/docs/user/","sec-ch-ua":"\"Google Chrome\";v=\"131\", \"Chromium\";v=\"131\", \"Not_A Brand\";v=\"24\"","sec-ch-ua-mobile":"?0","sec-ch-ua-platform":"\"Windows\"","sec-fetch-dest":"script","sec-fetch-mode":"no-cors","sec-fetch-site":"same-origin","user-agent":"Mozilla/5.0 (Windows NT 10.0; Win64; x64) AppleWebKit/537.36 (KHTML, like Gecko) Chrome/131.0.0.0 Safari/537.36"},"level":"info","message":"Incoming Request: GET /api/docs/user/swagger-ui-standalone-preset.js","query":{},"timestamp":"2024-12-19T02:49:16.315Z"}
{"headers":{"accept":"*/*","accept-encoding":"gzip, deflate, br, zstd","accept-language":"en-US,en;q=0.9","connection":"keep-alive","host":"localhost:5000","if-none-match":"W/\"74c-GkiWa8knWvQIwSvqVyvRNFw/e88\"","referer":"http://localhost:5000/api/docs/user/","sec-ch-ua":"\"Google Chrome\";v=\"131\", \"Chromium\";v=\"131\", \"Not_A Brand\";v=\"24\"","sec-ch-ua-mobile":"?0","sec-ch-ua-platform":"\"Windows\"","sec-fetch-dest":"script","sec-fetch-mode":"no-cors","sec-fetch-site":"same-origin","user-agent":"Mozilla/5.0 (Windows NT 10.0; Win64; x64) AppleWebKit/537.36 (KHTML, like Gecko) Chrome/131.0.0.0 Safari/537.36"},"level":"info","message":"Incoming Request: GET /api/docs/user/swagger-ui-init.js","query":{},"timestamp":"2024-12-19T02:49:16.319Z"}
{"headers":{"accept":"image/avif,image/webp,image/apng,image/svg+xml,image/*,*/*;q=0.8","accept-encoding":"gzip, deflate, br, zstd","accept-language":"en-US,en;q=0.9","connection":"keep-alive","host":"localhost:5000","if-modified-since":"Tue, 17 Dec 2024 22:30:52 GMT","if-none-match":"W/\"274-193d6bedac0\"","referer":"http://localhost:5000/api/docs/user/","sec-ch-ua":"\"Google Chrome\";v=\"131\", \"Chromium\";v=\"131\", \"Not_A Brand\";v=\"24\"","sec-ch-ua-mobile":"?0","sec-ch-ua-platform":"\"Windows\"","sec-fetch-dest":"image","sec-fetch-mode":"no-cors","sec-fetch-site":"same-origin","user-agent":"Mozilla/5.0 (Windows NT 10.0; Win64; x64) AppleWebKit/537.36 (KHTML, like Gecko) Chrome/131.0.0.0 Safari/537.36"},"level":"info","message":"Incoming Request: GET /api/docs/user/favicon-32x32.png","query":{},"timestamp":"2024-12-19T02:49:16.682Z"}
{"level":"info","message":"Database connection successful","timestamp":"2024-12-19T02:49:51.094Z"}
{"level":"info","message":"Server is running on port 5000","timestamp":"2024-12-19T02:49:51.102Z"}
{"level":"info","message":"Database connection successful","timestamp":"2024-12-19T02:49:56.533Z"}
{"level":"info","message":"Server is running on port 5000","timestamp":"2024-12-19T02:49:56.568Z"}
{"level":"info","message":"Database connection successful","timestamp":"2024-12-19T02:50:08.215Z"}
{"level":"info","message":"Server is running on port 5000","timestamp":"2024-12-19T02:50:08.224Z"}
{"level":"info","message":"Database connection successful","timestamp":"2024-12-19T02:50:24.738Z"}
{"level":"info","message":"Server is running on port 5000","timestamp":"2024-12-19T02:50:24.755Z"}
{"headers":{"accept":"text/html,application/xhtml+xml,application/xml;q=0.9,image/avif,image/webp,image/apng,*/*;q=0.8,application/signed-exchange;v=b3;q=0.7","accept-encoding":"gzip, deflate, br, zstd","accept-language":"en-US,en;q=0.9","cache-control":"max-age=0","connection":"keep-alive","host":"localhost:5000","if-none-match":"W/\"c22-H8FH9nKD8DeX/nvIRrte6ZjP2a4\"","sec-ch-ua":"\"Google Chrome\";v=\"131\", \"Chromium\";v=\"131\", \"Not_A Brand\";v=\"24\"","sec-ch-ua-mobile":"?0","sec-ch-ua-platform":"\"Windows\"","sec-fetch-dest":"document","sec-fetch-mode":"navigate","sec-fetch-site":"same-origin","sec-fetch-user":"?1","upgrade-insecure-requests":"1","user-agent":"Mozilla/5.0 (Windows NT 10.0; Win64; x64) AppleWebKit/537.36 (KHTML, like Gecko) Chrome/131.0.0.0 Safari/537.36"},"level":"info","message":"Incoming Request: GET /api/docs/user/","query":{},"timestamp":"2024-12-19T02:50:33.509Z"}
{"headers":{"accept":"text/css,*/*;q=0.1","accept-encoding":"gzip, deflate, br, zstd","accept-language":"en-US,en;q=0.9","connection":"keep-alive","host":"localhost:5000","if-modified-since":"Tue, 17 Dec 2024 22:30:49 GMT","if-none-match":"W/\"25208-193d6bed038\"","referer":"http://localhost:5000/api/docs/user/","sec-ch-ua":"\"Google Chrome\";v=\"131\", \"Chromium\";v=\"131\", \"Not_A Brand\";v=\"24\"","sec-ch-ua-mobile":"?0","sec-ch-ua-platform":"\"Windows\"","sec-fetch-dest":"style","sec-fetch-mode":"no-cors","sec-fetch-site":"same-origin","user-agent":"Mozilla/5.0 (Windows NT 10.0; Win64; x64) AppleWebKit/537.36 (KHTML, like Gecko) Chrome/131.0.0.0 Safari/537.36"},"level":"info","message":"Incoming Request: GET /api/docs/user/swagger-ui.css","query":{},"timestamp":"2024-12-19T02:50:33.631Z"}
{"headers":{"accept":"*/*","accept-encoding":"gzip, deflate, br, zstd","accept-language":"en-US,en;q=0.9","connection":"keep-alive","host":"localhost:5000","if-modified-since":"Tue, 17 Dec 2024 22:30:50 GMT","if-none-match":"W/\"15c282-193d6bed46e\"","referer":"http://localhost:5000/api/docs/user/","sec-ch-ua":"\"Google Chrome\";v=\"131\", \"Chromium\";v=\"131\", \"Not_A Brand\";v=\"24\"","sec-ch-ua-mobile":"?0","sec-ch-ua-platform":"\"Windows\"","sec-fetch-dest":"script","sec-fetch-mode":"no-cors","sec-fetch-site":"same-origin","user-agent":"Mozilla/5.0 (Windows NT 10.0; Win64; x64) AppleWebKit/537.36 (KHTML, like Gecko) Chrome/131.0.0.0 Safari/537.36"},"level":"info","message":"Incoming Request: GET /api/docs/user/swagger-ui-bundle.js","query":{},"timestamp":"2024-12-19T02:50:33.641Z"}
{"headers":{"accept":"*/*","accept-encoding":"gzip, deflate, br, zstd","accept-language":"en-US,en;q=0.9","connection":"keep-alive","host":"localhost:5000","if-modified-since":"Tue, 17 Dec 2024 22:30:51 GMT","if-none-match":"W/\"38277-193d6bed6b1\"","referer":"http://localhost:5000/api/docs/user/","sec-ch-ua":"\"Google Chrome\";v=\"131\", \"Chromium\";v=\"131\", \"Not_A Brand\";v=\"24\"","sec-ch-ua-mobile":"?0","sec-ch-ua-platform":"\"Windows\"","sec-fetch-dest":"script","sec-fetch-mode":"no-cors","sec-fetch-site":"same-origin","user-agent":"Mozilla/5.0 (Windows NT 10.0; Win64; x64) AppleWebKit/537.36 (KHTML, like Gecko) Chrome/131.0.0.0 Safari/537.36"},"level":"info","message":"Incoming Request: GET /api/docs/user/swagger-ui-standalone-preset.js","query":{},"timestamp":"2024-12-19T02:50:33.656Z"}
{"headers":{"accept":"*/*","accept-encoding":"gzip, deflate, br, zstd","accept-language":"en-US,en;q=0.9","connection":"keep-alive","host":"localhost:5000","if-none-match":"W/\"74c-GkiWa8knWvQIwSvqVyvRNFw/e88\"","referer":"http://localhost:5000/api/docs/user/","sec-ch-ua":"\"Google Chrome\";v=\"131\", \"Chromium\";v=\"131\", \"Not_A Brand\";v=\"24\"","sec-ch-ua-mobile":"?0","sec-ch-ua-platform":"\"Windows\"","sec-fetch-dest":"script","sec-fetch-mode":"no-cors","sec-fetch-site":"same-origin","user-agent":"Mozilla/5.0 (Windows NT 10.0; Win64; x64) AppleWebKit/537.36 (KHTML, like Gecko) Chrome/131.0.0.0 Safari/537.36"},"level":"info","message":"Incoming Request: GET /api/docs/user/swagger-ui-init.js","query":{},"timestamp":"2024-12-19T02:50:33.663Z"}
{"headers":{"accept":"image/avif,image/webp,image/apng,image/svg+xml,image/*,*/*;q=0.8","accept-encoding":"gzip, deflate, br, zstd","accept-language":"en-US,en;q=0.9","connection":"keep-alive","host":"localhost:5000","if-modified-since":"Tue, 17 Dec 2024 22:30:52 GMT","if-none-match":"W/\"274-193d6bedac0\"","referer":"http://localhost:5000/api/docs/user/","sec-ch-ua":"\"Google Chrome\";v=\"131\", \"Chromium\";v=\"131\", \"Not_A Brand\";v=\"24\"","sec-ch-ua-mobile":"?0","sec-ch-ua-platform":"\"Windows\"","sec-fetch-dest":"image","sec-fetch-mode":"no-cors","sec-fetch-site":"same-origin","user-agent":"Mozilla/5.0 (Windows NT 10.0; Win64; x64) AppleWebKit/537.36 (KHTML, like Gecko) Chrome/131.0.0.0 Safari/537.36"},"level":"info","message":"Incoming Request: GET /api/docs/user/favicon-32x32.png","query":{},"timestamp":"2024-12-19T02:50:34.280Z"}
{"headers":{"accept":"text/html,application/xhtml+xml,application/xml;q=0.9,image/avif,image/webp,image/apng,*/*;q=0.8,application/signed-exchange;v=b3;q=0.7","accept-encoding":"gzip, deflate, br, zstd","accept-language":"en-US,en;q=0.9","connection":"keep-alive","host":"localhost:5000","sec-ch-ua":"\"Google Chrome\";v=\"131\", \"Chromium\";v=\"131\", \"Not_A Brand\";v=\"24\"","sec-ch-ua-mobile":"?0","sec-ch-ua-platform":"\"Windows\"","sec-fetch-dest":"document","sec-fetch-mode":"navigate","sec-fetch-site":"none","sec-fetch-user":"?1","upgrade-insecure-requests":"1","user-agent":"Mozilla/5.0 (Windows NT 10.0; Win64; x64) AppleWebKit/537.36 (KHTML, like Gecko) Chrome/131.0.0.0 Safari/537.36"},"level":"info","message":"Incoming Request: GET /api/docs/admin/","query":{},"timestamp":"2024-12-19T02:50:43.894Z"}
{"headers":{"accept":"text/css,*/*;q=0.1","accept-encoding":"gzip, deflate, br, zstd","accept-language":"en-US,en;q=0.9","connection":"keep-alive","host":"localhost:5000","referer":"http://localhost:5000/api/docs/admin/","sec-ch-ua":"\"Google Chrome\";v=\"131\", \"Chromium\";v=\"131\", \"Not_A Brand\";v=\"24\"","sec-ch-ua-mobile":"?0","sec-ch-ua-platform":"\"Windows\"","sec-fetch-dest":"style","sec-fetch-mode":"no-cors","sec-fetch-site":"same-origin","user-agent":"Mozilla/5.0 (Windows NT 10.0; Win64; x64) AppleWebKit/537.36 (KHTML, like Gecko) Chrome/131.0.0.0 Safari/537.36"},"level":"info","message":"Incoming Request: GET /api/docs/admin/swagger-ui.css","query":{},"timestamp":"2024-12-19T02:50:44.002Z"}
{"headers":{"accept":"*/*","accept-encoding":"gzip, deflate, br, zstd","accept-language":"en-US,en;q=0.9","connection":"keep-alive","host":"localhost:5000","referer":"http://localhost:5000/api/docs/admin/","sec-ch-ua":"\"Google Chrome\";v=\"131\", \"Chromium\";v=\"131\", \"Not_A Brand\";v=\"24\"","sec-ch-ua-mobile":"?0","sec-ch-ua-platform":"\"Windows\"","sec-fetch-dest":"script","sec-fetch-mode":"no-cors","sec-fetch-site":"same-origin","user-agent":"Mozilla/5.0 (Windows NT 10.0; Win64; x64) AppleWebKit/537.36 (KHTML, like Gecko) Chrome/131.0.0.0 Safari/537.36"},"level":"info","message":"Incoming Request: GET /api/docs/admin/swagger-ui-bundle.js","query":{},"timestamp":"2024-12-19T02:50:44.016Z"}
{"headers":{"accept":"*/*","accept-encoding":"gzip, deflate, br, zstd","accept-language":"en-US,en;q=0.9","connection":"keep-alive","host":"localhost:5000","referer":"http://localhost:5000/api/docs/admin/","sec-ch-ua":"\"Google Chrome\";v=\"131\", \"Chromium\";v=\"131\", \"Not_A Brand\";v=\"24\"","sec-ch-ua-mobile":"?0","sec-ch-ua-platform":"\"Windows\"","sec-fetch-dest":"script","sec-fetch-mode":"no-cors","sec-fetch-site":"same-origin","user-agent":"Mozilla/5.0 (Windows NT 10.0; Win64; x64) AppleWebKit/537.36 (KHTML, like Gecko) Chrome/131.0.0.0 Safari/537.36"},"level":"info","message":"Incoming Request: GET /api/docs/admin/swagger-ui-standalone-preset.js","query":{},"timestamp":"2024-12-19T02:50:44.049Z"}
{"headers":{"accept":"*/*","accept-encoding":"gzip, deflate, br, zstd","accept-language":"en-US,en;q=0.9","connection":"keep-alive","host":"localhost:5000","referer":"http://localhost:5000/api/docs/admin/","sec-ch-ua":"\"Google Chrome\";v=\"131\", \"Chromium\";v=\"131\", \"Not_A Brand\";v=\"24\"","sec-ch-ua-mobile":"?0","sec-ch-ua-platform":"\"Windows\"","sec-fetch-dest":"script","sec-fetch-mode":"no-cors","sec-fetch-site":"same-origin","user-agent":"Mozilla/5.0 (Windows NT 10.0; Win64; x64) AppleWebKit/537.36 (KHTML, like Gecko) Chrome/131.0.0.0 Safari/537.36"},"level":"info","message":"Incoming Request: GET /api/docs/admin/swagger-ui-init.js","query":{},"timestamp":"2024-12-19T02:50:44.062Z"}
{"headers":{"accept":"image/avif,image/webp,image/apng,image/svg+xml,image/*,*/*;q=0.8","accept-encoding":"gzip, deflate, br, zstd","accept-language":"en-US,en;q=0.9","connection":"keep-alive","host":"localhost:5000","referer":"http://localhost:5000/api/docs/admin/","sec-ch-ua":"\"Google Chrome\";v=\"131\", \"Chromium\";v=\"131\", \"Not_A Brand\";v=\"24\"","sec-ch-ua-mobile":"?0","sec-ch-ua-platform":"\"Windows\"","sec-fetch-dest":"image","sec-fetch-mode":"no-cors","sec-fetch-site":"same-origin","user-agent":"Mozilla/5.0 (Windows NT 10.0; Win64; x64) AppleWebKit/537.36 (KHTML, like Gecko) Chrome/131.0.0.0 Safari/537.36"},"level":"info","message":"Incoming Request: GET /api/docs/admin/favicon-32x32.png","query":{},"timestamp":"2024-12-19T02:50:44.795Z"}
{"level":"info","message":"Database connection successful","timestamp":"2024-12-19T02:54:16.939Z"}
{"level":"info","message":"Server is running on port 5000","timestamp":"2024-12-19T02:54:16.979Z"}
{"level":"info","message":"Database connection successful","timestamp":"2024-12-19T02:54:25.333Z"}
{"level":"info","message":"Server is running on port 5000","timestamp":"2024-12-19T02:54:25.407Z"}
{"headers":{"accept":"text/html,application/xhtml+xml,application/xml;q=0.9,image/avif,image/webp,image/apng,*/*;q=0.8,application/signed-exchange;v=b3;q=0.7","accept-encoding":"gzip, deflate, br, zstd","accept-language":"en-US,en;q=0.9","cache-control":"max-age=0","connection":"keep-alive","host":"localhost:5000","if-none-match":"W/\"c22-H8FH9nKD8DeX/nvIRrte6ZjP2a4\"","sec-ch-ua":"\"Google Chrome\";v=\"131\", \"Chromium\";v=\"131\", \"Not_A Brand\";v=\"24\"","sec-ch-ua-mobile":"?0","sec-ch-ua-platform":"\"Windows\"","sec-fetch-dest":"document","sec-fetch-mode":"navigate","sec-fetch-site":"same-origin","sec-fetch-user":"?1","upgrade-insecure-requests":"1","user-agent":"Mozilla/5.0 (Windows NT 10.0; Win64; x64) AppleWebKit/537.36 (KHTML, like Gecko) Chrome/131.0.0.0 Safari/537.36"},"level":"info","message":"Incoming Request: GET /api/docs/admin/","query":{},"timestamp":"2024-12-19T02:55:05.477Z"}
{"headers":{"accept":"text/css,*/*;q=0.1","accept-encoding":"gzip, deflate, br, zstd","accept-language":"en-US,en;q=0.9","connection":"keep-alive","host":"localhost:5000","if-modified-since":"Tue, 17 Dec 2024 22:30:49 GMT","if-none-match":"W/\"25208-193d6bed038\"","referer":"http://localhost:5000/api/docs/admin/","sec-ch-ua":"\"Google Chrome\";v=\"131\", \"Chromium\";v=\"131\", \"Not_A Brand\";v=\"24\"","sec-ch-ua-mobile":"?0","sec-ch-ua-platform":"\"Windows\"","sec-fetch-dest":"style","sec-fetch-mode":"no-cors","sec-fetch-site":"same-origin","user-agent":"Mozilla/5.0 (Windows NT 10.0; Win64; x64) AppleWebKit/537.36 (KHTML, like Gecko) Chrome/131.0.0.0 Safari/537.36"},"level":"info","message":"Incoming Request: GET /api/docs/admin/swagger-ui.css","query":{},"timestamp":"2024-12-19T02:55:05.645Z"}
{"headers":{"accept":"*/*","accept-encoding":"gzip, deflate, br, zstd","accept-language":"en-US,en;q=0.9","connection":"keep-alive","host":"localhost:5000","if-modified-since":"Tue, 17 Dec 2024 22:30:50 GMT","if-none-match":"W/\"15c282-193d6bed46e\"","referer":"http://localhost:5000/api/docs/admin/","sec-ch-ua":"\"Google Chrome\";v=\"131\", \"Chromium\";v=\"131\", \"Not_A Brand\";v=\"24\"","sec-ch-ua-mobile":"?0","sec-ch-ua-platform":"\"Windows\"","sec-fetch-dest":"script","sec-fetch-mode":"no-cors","sec-fetch-site":"same-origin","user-agent":"Mozilla/5.0 (Windows NT 10.0; Win64; x64) AppleWebKit/537.36 (KHTML, like Gecko) Chrome/131.0.0.0 Safari/537.36"},"level":"info","message":"Incoming Request: GET /api/docs/admin/swagger-ui-bundle.js","query":{},"timestamp":"2024-12-19T02:55:05.704Z"}
{"headers":{"accept":"*/*","accept-encoding":"gzip, deflate, br, zstd","accept-language":"en-US,en;q=0.9","connection":"keep-alive","host":"localhost:5000","if-modified-since":"Tue, 17 Dec 2024 22:30:51 GMT","if-none-match":"W/\"38277-193d6bed6b1\"","referer":"http://localhost:5000/api/docs/admin/","sec-ch-ua":"\"Google Chrome\";v=\"131\", \"Chromium\";v=\"131\", \"Not_A Brand\";v=\"24\"","sec-ch-ua-mobile":"?0","sec-ch-ua-platform":"\"Windows\"","sec-fetch-dest":"script","sec-fetch-mode":"no-cors","sec-fetch-site":"same-origin","user-agent":"Mozilla/5.0 (Windows NT 10.0; Win64; x64) AppleWebKit/537.36 (KHTML, like Gecko) Chrome/131.0.0.0 Safari/537.36"},"level":"info","message":"Incoming Request: GET /api/docs/admin/swagger-ui-standalone-preset.js","query":{},"timestamp":"2024-12-19T02:55:05.724Z"}
{"headers":{"accept":"*/*","accept-encoding":"gzip, deflate, br, zstd","accept-language":"en-US,en;q=0.9","connection":"keep-alive","host":"localhost:5000","if-none-match":"W/\"750-aTSubScaPG71bhE3mWLZvuv8HXY\"","referer":"http://localhost:5000/api/docs/admin/","sec-ch-ua":"\"Google Chrome\";v=\"131\", \"Chromium\";v=\"131\", \"Not_A Brand\";v=\"24\"","sec-ch-ua-mobile":"?0","sec-ch-ua-platform":"\"Windows\"","sec-fetch-dest":"script","sec-fetch-mode":"no-cors","sec-fetch-site":"same-origin","user-agent":"Mozilla/5.0 (Windows NT 10.0; Win64; x64) AppleWebKit/537.36 (KHTML, like Gecko) Chrome/131.0.0.0 Safari/537.36"},"level":"info","message":"Incoming Request: GET /api/docs/admin/swagger-ui-init.js","query":{},"timestamp":"2024-12-19T02:55:05.735Z"}
{"headers":{"accept":"image/avif,image/webp,image/apng,image/svg+xml,image/*,*/*;q=0.8","accept-encoding":"gzip, deflate, br, zstd","accept-language":"en-US,en;q=0.9","connection":"keep-alive","host":"localhost:5000","if-modified-since":"Tue, 17 Dec 2024 22:30:52 GMT","if-none-match":"W/\"274-193d6bedac0\"","referer":"http://localhost:5000/api/docs/admin/","sec-ch-ua":"\"Google Chrome\";v=\"131\", \"Chromium\";v=\"131\", \"Not_A Brand\";v=\"24\"","sec-ch-ua-mobile":"?0","sec-ch-ua-platform":"\"Windows\"","sec-fetch-dest":"image","sec-fetch-mode":"no-cors","sec-fetch-site":"same-origin","user-agent":"Mozilla/5.0 (Windows NT 10.0; Win64; x64) AppleWebKit/537.36 (KHTML, like Gecko) Chrome/131.0.0.0 Safari/537.36"},"level":"info","message":"Incoming Request: GET /api/docs/admin/favicon-32x32.png","query":{},"timestamp":"2024-12-19T02:55:06.361Z"}
{"headers":{"accept":"*/*","accept-encoding":"gzip, deflate, br","cache-control":"no-cache","connection":"keep-alive","content-length":"133","content-type":"application/json","host":"localhost:5000","postman-token":"69abf3ae-9a62-4d4c-9b7a-8a8c2ab8d324","user-agent":"PostmanRuntime/7.43.0"},"level":"info","message":"Incoming Request: POST /api/user/register","query":{},"timestamp":"2024-12-19T02:55:24.694Z"}
{"level":"info","message":"Database connection successful","timestamp":"2024-12-19T02:56:18.245Z"}
{"level":"info","message":"Server is running on port 5000","timestamp":"2024-12-19T02:56:18.336Z"}
{"level":"info","message":"Database connection successful","timestamp":"2024-12-19T02:57:11.146Z"}
{"level":"info","message":"Server is running on port 5000","timestamp":"2024-12-19T02:57:11.243Z"}
{"level":"info","message":"Database connection successful","timestamp":"2024-12-19T02:57:28.601Z"}
{"level":"info","message":"Server is running on port 5000","timestamp":"2024-12-19T02:57:28.737Z"}
{"headers":{"accept":"*/*","accept-encoding":"gzip, deflate, br","cache-control":"no-cache","connection":"keep-alive","content-length":"133","content-type":"application/json","host":"localhost:5000","postman-token":"09ff84df-6715-4eaa-b08e-908ad7306150","user-agent":"PostmanRuntime/7.43.0"},"level":"info","message":"Incoming Request: POST /api/user/register","query":{},"timestamp":"2024-12-19T02:57:59.238Z"}
{"headers":{"accept":"text/html,application/xhtml+xml,application/xml;q=0.9,image/avif,image/webp,image/apng,*/*;q=0.8,application/signed-exchange;v=b3;q=0.7","accept-encoding":"gzip, deflate, br, zstd","accept-language":"en-US,en;q=0.9","cache-control":"max-age=0","connection":"keep-alive","host":"localhost:5000","if-none-match":"W/\"c22-H8FH9nKD8DeX/nvIRrte6ZjP2a4\"","sec-ch-ua":"\"Google Chrome\";v=\"131\", \"Chromium\";v=\"131\", \"Not_A Brand\";v=\"24\"","sec-ch-ua-mobile":"?0","sec-ch-ua-platform":"\"Windows\"","sec-fetch-dest":"document","sec-fetch-mode":"navigate","sec-fetch-site":"same-origin","sec-fetch-user":"?1","upgrade-insecure-requests":"1","user-agent":"Mozilla/5.0 (Windows NT 10.0; Win64; x64) AppleWebKit/537.36 (KHTML, like Gecko) Chrome/131.0.0.0 Safari/537.36"},"level":"info","message":"Incoming Request: GET /api/docs/admin/","query":{},"timestamp":"2024-12-19T02:58:20.050Z"}
{"headers":{"accept":"text/css,*/*;q=0.1","accept-encoding":"gzip, deflate, br, zstd","accept-language":"en-US,en;q=0.9","connection":"keep-alive","host":"localhost:5000","if-modified-since":"Tue, 17 Dec 2024 22:30:49 GMT","if-none-match":"W/\"25208-193d6bed038\"","referer":"http://localhost:5000/api/docs/admin/","sec-ch-ua":"\"Google Chrome\";v=\"131\", \"Chromium\";v=\"131\", \"Not_A Brand\";v=\"24\"","sec-ch-ua-mobile":"?0","sec-ch-ua-platform":"\"Windows\"","sec-fetch-dest":"style","sec-fetch-mode":"no-cors","sec-fetch-site":"same-origin","user-agent":"Mozilla/5.0 (Windows NT 10.0; Win64; x64) AppleWebKit/537.36 (KHTML, like Gecko) Chrome/131.0.0.0 Safari/537.36"},"level":"info","message":"Incoming Request: GET /api/docs/admin/swagger-ui.css","query":{},"timestamp":"2024-12-19T02:58:20.167Z"}
{"headers":{"accept":"*/*","accept-encoding":"gzip, deflate, br, zstd","accept-language":"en-US,en;q=0.9","connection":"keep-alive","host":"localhost:5000","if-modified-since":"Tue, 17 Dec 2024 22:30:50 GMT","if-none-match":"W/\"15c282-193d6bed46e\"","referer":"http://localhost:5000/api/docs/admin/","sec-ch-ua":"\"Google Chrome\";v=\"131\", \"Chromium\";v=\"131\", \"Not_A Brand\";v=\"24\"","sec-ch-ua-mobile":"?0","sec-ch-ua-platform":"\"Windows\"","sec-fetch-dest":"script","sec-fetch-mode":"no-cors","sec-fetch-site":"same-origin","user-agent":"Mozilla/5.0 (Windows NT 10.0; Win64; x64) AppleWebKit/537.36 (KHTML, like Gecko) Chrome/131.0.0.0 Safari/537.36"},"level":"info","message":"Incoming Request: GET /api/docs/admin/swagger-ui-bundle.js","query":{},"timestamp":"2024-12-19T02:58:20.179Z"}
{"headers":{"accept":"*/*","accept-encoding":"gzip, deflate, br, zstd","accept-language":"en-US,en;q=0.9","connection":"keep-alive","host":"localhost:5000","if-none-match":"W/\"750-aTSubScaPG71bhE3mWLZvuv8HXY\"","referer":"http://localhost:5000/api/docs/admin/","sec-ch-ua":"\"Google Chrome\";v=\"131\", \"Chromium\";v=\"131\", \"Not_A Brand\";v=\"24\"","sec-ch-ua-mobile":"?0","sec-ch-ua-platform":"\"Windows\"","sec-fetch-dest":"script","sec-fetch-mode":"no-cors","sec-fetch-site":"same-origin","user-agent":"Mozilla/5.0 (Windows NT 10.0; Win64; x64) AppleWebKit/537.36 (KHTML, like Gecko) Chrome/131.0.0.0 Safari/537.36"},"level":"info","message":"Incoming Request: GET /api/docs/admin/swagger-ui-init.js","query":{},"timestamp":"2024-12-19T02:58:20.194Z"}
{"headers":{"accept":"*/*","accept-encoding":"gzip, deflate, br, zstd","accept-language":"en-US,en;q=0.9","connection":"keep-alive","host":"localhost:5000","if-modified-since":"Tue, 17 Dec 2024 22:30:51 GMT","if-none-match":"W/\"38277-193d6bed6b1\"","referer":"http://localhost:5000/api/docs/admin/","sec-ch-ua":"\"Google Chrome\";v=\"131\", \"Chromium\";v=\"131\", \"Not_A Brand\";v=\"24\"","sec-ch-ua-mobile":"?0","sec-ch-ua-platform":"\"Windows\"","sec-fetch-dest":"script","sec-fetch-mode":"no-cors","sec-fetch-site":"same-origin","user-agent":"Mozilla/5.0 (Windows NT 10.0; Win64; x64) AppleWebKit/537.36 (KHTML, like Gecko) Chrome/131.0.0.0 Safari/537.36"},"level":"info","message":"Incoming Request: GET /api/docs/admin/swagger-ui-standalone-preset.js","query":{},"timestamp":"2024-12-19T02:58:20.203Z"}
{"headers":{"accept":"image/avif,image/webp,image/apng,image/svg+xml,image/*,*/*;q=0.8","accept-encoding":"gzip, deflate, br, zstd","accept-language":"en-US,en;q=0.9","connection":"keep-alive","host":"localhost:5000","if-modified-since":"Tue, 17 Dec 2024 22:30:52 GMT","if-none-match":"W/\"274-193d6bedac0\"","referer":"http://localhost:5000/api/docs/admin/","sec-ch-ua":"\"Google Chrome\";v=\"131\", \"Chromium\";v=\"131\", \"Not_A Brand\";v=\"24\"","sec-ch-ua-mobile":"?0","sec-ch-ua-platform":"\"Windows\"","sec-fetch-dest":"image","sec-fetch-mode":"no-cors","sec-fetch-site":"same-origin","user-agent":"Mozilla/5.0 (Windows NT 10.0; Win64; x64) AppleWebKit/537.36 (KHTML, like Gecko) Chrome/131.0.0.0 Safari/537.36"},"level":"info","message":"Incoming Request: GET /api/docs/admin/favicon-32x32.png","query":{},"timestamp":"2024-12-19T02:58:20.832Z"}
{"headers":{"accept":"text/html,application/xhtml+xml,application/xml;q=0.9,image/avif,image/webp,image/apng,*/*;q=0.8,application/signed-exchange;v=b3;q=0.7","accept-encoding":"gzip, deflate, br, zstd","accept-language":"en-US,en;q=0.9","connection":"keep-alive","host":"localhost:5000","if-none-match":"W/\"c22-H8FH9nKD8DeX/nvIRrte6ZjP2a4\"","sec-ch-ua":"\"Google Chrome\";v=\"131\", \"Chromium\";v=\"131\", \"Not_A Brand\";v=\"24\"","sec-ch-ua-mobile":"?0","sec-ch-ua-platform":"\"Windows\"","sec-fetch-dest":"document","sec-fetch-mode":"navigate","sec-fetch-site":"none","sec-fetch-user":"?1","upgrade-insecure-requests":"1","user-agent":"Mozilla/5.0 (Windows NT 10.0; Win64; x64) AppleWebKit/537.36 (KHTML, like Gecko) Chrome/131.0.0.0 Safari/537.36"},"level":"info","message":"Incoming Request: GET /api/docs/user/","query":{},"timestamp":"2024-12-19T02:58:30.884Z"}
{"headers":{"accept":"text/css,*/*;q=0.1","accept-encoding":"gzip, deflate, br, zstd","accept-language":"en-US,en;q=0.9","connection":"keep-alive","host":"localhost:5000","if-modified-since":"Tue, 17 Dec 2024 22:30:49 GMT","if-none-match":"W/\"25208-193d6bed038\"","referer":"http://localhost:5000/api/docs/user/","sec-ch-ua":"\"Google Chrome\";v=\"131\", \"Chromium\";v=\"131\", \"Not_A Brand\";v=\"24\"","sec-ch-ua-mobile":"?0","sec-ch-ua-platform":"\"Windows\"","sec-fetch-dest":"style","sec-fetch-mode":"no-cors","sec-fetch-site":"same-origin","user-agent":"Mozilla/5.0 (Windows NT 10.0; Win64; x64) AppleWebKit/537.36 (KHTML, like Gecko) Chrome/131.0.0.0 Safari/537.36"},"level":"info","message":"Incoming Request: GET /api/docs/user/swagger-ui.css","query":{},"timestamp":"2024-12-19T02:58:31.018Z"}
{"headers":{"accept":"*/*","accept-encoding":"gzip, deflate, br, zstd","accept-language":"en-US,en;q=0.9","connection":"keep-alive","host":"localhost:5000","if-modified-since":"Tue, 17 Dec 2024 22:30:50 GMT","if-none-match":"W/\"15c282-193d6bed46e\"","referer":"http://localhost:5000/api/docs/user/","sec-ch-ua":"\"Google Chrome\";v=\"131\", \"Chromium\";v=\"131\", \"Not_A Brand\";v=\"24\"","sec-ch-ua-mobile":"?0","sec-ch-ua-platform":"\"Windows\"","sec-fetch-dest":"script","sec-fetch-mode":"no-cors","sec-fetch-site":"same-origin","user-agent":"Mozilla/5.0 (Windows NT 10.0; Win64; x64) AppleWebKit/537.36 (KHTML, like Gecko) Chrome/131.0.0.0 Safari/537.36"},"level":"info","message":"Incoming Request: GET /api/docs/user/swagger-ui-bundle.js","query":{},"timestamp":"2024-12-19T02:58:31.032Z"}
{"headers":{"accept":"*/*","accept-encoding":"gzip, deflate, br, zstd","accept-language":"en-US,en;q=0.9","connection":"keep-alive","host":"localhost:5000","if-modified-since":"Tue, 17 Dec 2024 22:30:51 GMT","if-none-match":"W/\"38277-193d6bed6b1\"","referer":"http://localhost:5000/api/docs/user/","sec-ch-ua":"\"Google Chrome\";v=\"131\", \"Chromium\";v=\"131\", \"Not_A Brand\";v=\"24\"","sec-ch-ua-mobile":"?0","sec-ch-ua-platform":"\"Windows\"","sec-fetch-dest":"script","sec-fetch-mode":"no-cors","sec-fetch-site":"same-origin","user-agent":"Mozilla/5.0 (Windows NT 10.0; Win64; x64) AppleWebKit/537.36 (KHTML, like Gecko) Chrome/131.0.0.0 Safari/537.36"},"level":"info","message":"Incoming Request: GET /api/docs/user/swagger-ui-standalone-preset.js","query":{},"timestamp":"2024-12-19T02:58:31.047Z"}
{"headers":{"accept":"*/*","accept-encoding":"gzip, deflate, br, zstd","accept-language":"en-US,en;q=0.9","connection":"keep-alive","host":"localhost:5000","if-none-match":"W/\"750-aTSubScaPG71bhE3mWLZvuv8HXY\"","referer":"http://localhost:5000/api/docs/user/","sec-ch-ua":"\"Google Chrome\";v=\"131\", \"Chromium\";v=\"131\", \"Not_A Brand\";v=\"24\"","sec-ch-ua-mobile":"?0","sec-ch-ua-platform":"\"Windows\"","sec-fetch-dest":"script","sec-fetch-mode":"no-cors","sec-fetch-site":"same-origin","user-agent":"Mozilla/5.0 (Windows NT 10.0; Win64; x64) AppleWebKit/537.36 (KHTML, like Gecko) Chrome/131.0.0.0 Safari/537.36"},"level":"info","message":"Incoming Request: GET /api/docs/user/swagger-ui-init.js","query":{},"timestamp":"2024-12-19T02:58:31.055Z"}
{"level":"info","message":"Database connection successful","timestamp":"2024-12-19T03:05:30.615Z"}
{"level":"info","message":"Server is running on port 5000","timestamp":"2024-12-19T03:05:30.642Z"}
{"level":"info","message":"Database connection successful","timestamp":"2024-12-19T03:08:05.765Z"}
{"level":"info","message":"Server is running on port 5000","timestamp":"2024-12-19T03:08:05.787Z"}
{"headers":{"accept":"text/html,application/xhtml+xml,application/xml;q=0.9,image/avif,image/webp,image/apng,*/*;q=0.8,application/signed-exchange;v=b3;q=0.7","accept-encoding":"gzip, deflate, br, zstd","accept-language":"en-US,en;q=0.9","cache-control":"max-age=0","connection":"keep-alive","host":"localhost:5000","if-none-match":"W/\"c22-H8FH9nKD8DeX/nvIRrte6ZjP2a4\"","sec-ch-ua":"\"Google Chrome\";v=\"131\", \"Chromium\";v=\"131\", \"Not_A Brand\";v=\"24\"","sec-ch-ua-mobile":"?0","sec-ch-ua-platform":"\"Windows\"","sec-fetch-dest":"document","sec-fetch-mode":"navigate","sec-fetch-site":"none","sec-fetch-user":"?1","upgrade-insecure-requests":"1","user-agent":"Mozilla/5.0 (Windows NT 10.0; Win64; x64) AppleWebKit/537.36 (KHTML, like Gecko) Chrome/131.0.0.0 Safari/537.36"},"level":"info","message":"Incoming Request: GET /api/docs/user/","query":{},"timestamp":"2024-12-19T03:08:10.400Z"}
{"headers":{"accept":"text/css,*/*;q=0.1","accept-encoding":"gzip, deflate, br, zstd","accept-language":"en-US,en;q=0.9","connection":"keep-alive","host":"localhost:5000","if-modified-since":"Tue, 17 Dec 2024 22:30:49 GMT","if-none-match":"W/\"25208-193d6bed038\"","referer":"http://localhost:5000/api/docs/user/","sec-ch-ua":"\"Google Chrome\";v=\"131\", \"Chromium\";v=\"131\", \"Not_A Brand\";v=\"24\"","sec-ch-ua-mobile":"?0","sec-ch-ua-platform":"\"Windows\"","sec-fetch-dest":"style","sec-fetch-mode":"no-cors","sec-fetch-site":"same-origin","user-agent":"Mozilla/5.0 (Windows NT 10.0; Win64; x64) AppleWebKit/537.36 (KHTML, like Gecko) Chrome/131.0.0.0 Safari/537.36"},"level":"info","message":"Incoming Request: GET /api/docs/user/swagger-ui.css","query":{},"timestamp":"2024-12-19T03:08:10.471Z"}
{"headers":{"accept":"*/*","accept-encoding":"gzip, deflate, br, zstd","accept-language":"en-US,en;q=0.9","connection":"keep-alive","host":"localhost:5000","if-modified-since":"Tue, 17 Dec 2024 22:30:50 GMT","if-none-match":"W/\"15c282-193d6bed46e\"","referer":"http://localhost:5000/api/docs/user/","sec-ch-ua":"\"Google Chrome\";v=\"131\", \"Chromium\";v=\"131\", \"Not_A Brand\";v=\"24\"","sec-ch-ua-mobile":"?0","sec-ch-ua-platform":"\"Windows\"","sec-fetch-dest":"script","sec-fetch-mode":"no-cors","sec-fetch-site":"same-origin","user-agent":"Mozilla/5.0 (Windows NT 10.0; Win64; x64) AppleWebKit/537.36 (KHTML, like Gecko) Chrome/131.0.0.0 Safari/537.36"},"level":"info","message":"Incoming Request: GET /api/docs/user/swagger-ui-bundle.js","query":{},"timestamp":"2024-12-19T03:08:10.478Z"}
{"headers":{"accept":"*/*","accept-encoding":"gzip, deflate, br, zstd","accept-language":"en-US,en;q=0.9","connection":"keep-alive","host":"localhost:5000","if-modified-since":"Tue, 17 Dec 2024 22:30:51 GMT","if-none-match":"W/\"38277-193d6bed6b1\"","referer":"http://localhost:5000/api/docs/user/","sec-ch-ua":"\"Google Chrome\";v=\"131\", \"Chromium\";v=\"131\", \"Not_A Brand\";v=\"24\"","sec-ch-ua-mobile":"?0","sec-ch-ua-platform":"\"Windows\"","sec-fetch-dest":"script","sec-fetch-mode":"no-cors","sec-fetch-site":"same-origin","user-agent":"Mozilla/5.0 (Windows NT 10.0; Win64; x64) AppleWebKit/537.36 (KHTML, like Gecko) Chrome/131.0.0.0 Safari/537.36"},"level":"info","message":"Incoming Request: GET /api/docs/user/swagger-ui-standalone-preset.js","query":{},"timestamp":"2024-12-19T03:08:10.487Z"}
{"headers":{"accept":"*/*","accept-encoding":"gzip, deflate, br, zstd","accept-language":"en-US,en;q=0.9","connection":"keep-alive","host":"localhost:5000","if-none-match":"W/\"750-aTSubScaPG71bhE3mWLZvuv8HXY\"","referer":"http://localhost:5000/api/docs/user/","sec-ch-ua":"\"Google Chrome\";v=\"131\", \"Chromium\";v=\"131\", \"Not_A Brand\";v=\"24\"","sec-ch-ua-mobile":"?0","sec-ch-ua-platform":"\"Windows\"","sec-fetch-dest":"script","sec-fetch-mode":"no-cors","sec-fetch-site":"same-origin","user-agent":"Mozilla/5.0 (Windows NT 10.0; Win64; x64) AppleWebKit/537.36 (KHTML, like Gecko) Chrome/131.0.0.0 Safari/537.36"},"level":"info","message":"Incoming Request: GET /api/docs/user/swagger-ui-init.js","query":{},"timestamp":"2024-12-19T03:08:10.491Z"}
{"headers":{"accept":"image/avif,image/webp,image/apng,image/svg+xml,image/*,*/*;q=0.8","accept-encoding":"gzip, deflate, br, zstd","accept-language":"en-US,en;q=0.9","connection":"keep-alive","host":"localhost:5000","if-modified-since":"Tue, 17 Dec 2024 22:30:52 GMT","if-none-match":"W/\"274-193d6bedac0\"","referer":"http://localhost:5000/api/docs/user/","sec-ch-ua":"\"Google Chrome\";v=\"131\", \"Chromium\";v=\"131\", \"Not_A Brand\";v=\"24\"","sec-ch-ua-mobile":"?0","sec-ch-ua-platform":"\"Windows\"","sec-fetch-dest":"image","sec-fetch-mode":"no-cors","sec-fetch-site":"same-origin","user-agent":"Mozilla/5.0 (Windows NT 10.0; Win64; x64) AppleWebKit/537.36 (KHTML, like Gecko) Chrome/131.0.0.0 Safari/537.36"},"level":"info","message":"Incoming Request: GET /api/docs/user/favicon-32x32.png","query":{},"timestamp":"2024-12-19T03:08:11.271Z"}
{"headers":{"accept":"text/html,application/xhtml+xml,application/xml;q=0.9,image/avif,image/webp,image/apng,*/*;q=0.8,application/signed-exchange;v=b3;q=0.7","accept-encoding":"gzip, deflate, br, zstd","accept-language":"en-US,en;q=0.9","cache-control":"max-age=0","connection":"keep-alive","host":"localhost:5000","if-none-match":"W/\"c22-H8FH9nKD8DeX/nvIRrte6ZjP2a4\"","sec-ch-ua":"\"Google Chrome\";v=\"131\", \"Chromium\";v=\"131\", \"Not_A Brand\";v=\"24\"","sec-ch-ua-mobile":"?0","sec-ch-ua-platform":"\"Windows\"","sec-fetch-dest":"document","sec-fetch-mode":"navigate","sec-fetch-site":"none","sec-fetch-user":"?1","upgrade-insecure-requests":"1","user-agent":"Mozilla/5.0 (Windows NT 10.0; Win64; x64) AppleWebKit/537.36 (KHTML, like Gecko) Chrome/131.0.0.0 Safari/537.36"},"level":"info","message":"Incoming Request: GET /api/docs/user/","query":{},"timestamp":"2024-12-19T03:08:13.704Z"}
{"headers":{"accept":"text/css,*/*;q=0.1","accept-encoding":"gzip, deflate, br, zstd","accept-language":"en-US,en;q=0.9","connection":"keep-alive","host":"localhost:5000","if-modified-since":"Tue, 17 Dec 2024 22:30:49 GMT","if-none-match":"W/\"25208-193d6bed038\"","referer":"http://localhost:5000/api/docs/user/","sec-ch-ua":"\"Google Chrome\";v=\"131\", \"Chromium\";v=\"131\", \"Not_A Brand\";v=\"24\"","sec-ch-ua-mobile":"?0","sec-ch-ua-platform":"\"Windows\"","sec-fetch-dest":"style","sec-fetch-mode":"no-cors","sec-fetch-site":"same-origin","user-agent":"Mozilla/5.0 (Windows NT 10.0; Win64; x64) AppleWebKit/537.36 (KHTML, like Gecko) Chrome/131.0.0.0 Safari/537.36"},"level":"info","message":"Incoming Request: GET /api/docs/user/swagger-ui.css","query":{},"timestamp":"2024-12-19T03:08:13.775Z"}
{"headers":{"accept":"*/*","accept-encoding":"gzip, deflate, br, zstd","accept-language":"en-US,en;q=0.9","connection":"keep-alive","host":"localhost:5000","if-modified-since":"Tue, 17 Dec 2024 22:30:50 GMT","if-none-match":"W/\"15c282-193d6bed46e\"","referer":"http://localhost:5000/api/docs/user/","sec-ch-ua":"\"Google Chrome\";v=\"131\", \"Chromium\";v=\"131\", \"Not_A Brand\";v=\"24\"","sec-ch-ua-mobile":"?0","sec-ch-ua-platform":"\"Windows\"","sec-fetch-dest":"script","sec-fetch-mode":"no-cors","sec-fetch-site":"same-origin","user-agent":"Mozilla/5.0 (Windows NT 10.0; Win64; x64) AppleWebKit/537.36 (KHTML, like Gecko) Chrome/131.0.0.0 Safari/537.36"},"level":"info","message":"Incoming Request: GET /api/docs/user/swagger-ui-bundle.js","query":{},"timestamp":"2024-12-19T03:08:13.779Z"}
{"headers":{"accept":"*/*","accept-encoding":"gzip, deflate, br, zstd","accept-language":"en-US,en;q=0.9","connection":"keep-alive","host":"localhost:5000","if-modified-since":"Tue, 17 Dec 2024 22:30:51 GMT","if-none-match":"W/\"38277-193d6bed6b1\"","referer":"http://localhost:5000/api/docs/user/","sec-ch-ua":"\"Google Chrome\";v=\"131\", \"Chromium\";v=\"131\", \"Not_A Brand\";v=\"24\"","sec-ch-ua-mobile":"?0","sec-ch-ua-platform":"\"Windows\"","sec-fetch-dest":"script","sec-fetch-mode":"no-cors","sec-fetch-site":"same-origin","user-agent":"Mozilla/5.0 (Windows NT 10.0; Win64; x64) AppleWebKit/537.36 (KHTML, like Gecko) Chrome/131.0.0.0 Safari/537.36"},"level":"info","message":"Incoming Request: GET /api/docs/user/swagger-ui-standalone-preset.js","query":{},"timestamp":"2024-12-19T03:08:13.783Z"}
{"headers":{"accept":"*/*","accept-encoding":"gzip, deflate, br, zstd","accept-language":"en-US,en;q=0.9","connection":"keep-alive","host":"localhost:5000","if-none-match":"W/\"750-aTSubScaPG71bhE3mWLZvuv8HXY\"","referer":"http://localhost:5000/api/docs/user/","sec-ch-ua":"\"Google Chrome\";v=\"131\", \"Chromium\";v=\"131\", \"Not_A Brand\";v=\"24\"","sec-ch-ua-mobile":"?0","sec-ch-ua-platform":"\"Windows\"","sec-fetch-dest":"script","sec-fetch-mode":"no-cors","sec-fetch-site":"same-origin","user-agent":"Mozilla/5.0 (Windows NT 10.0; Win64; x64) AppleWebKit/537.36 (KHTML, like Gecko) Chrome/131.0.0.0 Safari/537.36"},"level":"info","message":"Incoming Request: GET /api/docs/user/swagger-ui-init.js","query":{},"timestamp":"2024-12-19T03:08:13.791Z"}
{"headers":{"accept":"image/avif,image/webp,image/apng,image/svg+xml,image/*,*/*;q=0.8","accept-encoding":"gzip, deflate, br, zstd","accept-language":"en-US,en;q=0.9","connection":"keep-alive","host":"localhost:5000","if-modified-since":"Tue, 17 Dec 2024 22:30:52 GMT","if-none-match":"W/\"274-193d6bedac0\"","referer":"http://localhost:5000/api/docs/user/","sec-ch-ua":"\"Google Chrome\";v=\"131\", \"Chromium\";v=\"131\", \"Not_A Brand\";v=\"24\"","sec-ch-ua-mobile":"?0","sec-ch-ua-platform":"\"Windows\"","sec-fetch-dest":"image","sec-fetch-mode":"no-cors","sec-fetch-site":"same-origin","user-agent":"Mozilla/5.0 (Windows NT 10.0; Win64; x64) AppleWebKit/537.36 (KHTML, like Gecko) Chrome/131.0.0.0 Safari/537.36"},"level":"info","message":"Incoming Request: GET /api/docs/user/favicon-32x32.png","query":{},"timestamp":"2024-12-19T03:08:14.018Z"}
{"headers":{"accept":"text/html,application/xhtml+xml,application/xml;q=0.9,image/avif,image/webp,image/apng,*/*;q=0.8,application/signed-exchange;v=b3;q=0.7","accept-encoding":"gzip, deflate, br, zstd","accept-language":"en-US,en;q=0.9","connection":"keep-alive","host":"localhost:5000","if-none-match":"W/\"c22-H8FH9nKD8DeX/nvIRrte6ZjP2a4\"","sec-ch-ua":"\"Google Chrome\";v=\"131\", \"Chromium\";v=\"131\", \"Not_A Brand\";v=\"24\"","sec-ch-ua-mobile":"?0","sec-ch-ua-platform":"\"Windows\"","sec-fetch-dest":"document","sec-fetch-mode":"navigate","sec-fetch-site":"none","sec-fetch-user":"?1","upgrade-insecure-requests":"1","user-agent":"Mozilla/5.0 (Windows NT 10.0; Win64; x64) AppleWebKit/537.36 (KHTML, like Gecko) Chrome/131.0.0.0 Safari/537.36"},"level":"info","message":"Incoming Request: GET /api/docs/admin/","query":{},"timestamp":"2024-12-19T03:08:21.466Z"}
{"headers":{"accept":"text/css,*/*;q=0.1","accept-encoding":"gzip, deflate, br, zstd","accept-language":"en-US,en;q=0.9","connection":"keep-alive","host":"localhost:5000","if-modified-since":"Tue, 17 Dec 2024 22:30:49 GMT","if-none-match":"W/\"25208-193d6bed038\"","referer":"http://localhost:5000/api/docs/admin/","sec-ch-ua":"\"Google Chrome\";v=\"131\", \"Chromium\";v=\"131\", \"Not_A Brand\";v=\"24\"","sec-ch-ua-mobile":"?0","sec-ch-ua-platform":"\"Windows\"","sec-fetch-dest":"style","sec-fetch-mode":"no-cors","sec-fetch-site":"same-origin","user-agent":"Mozilla/5.0 (Windows NT 10.0; Win64; x64) AppleWebKit/537.36 (KHTML, like Gecko) Chrome/131.0.0.0 Safari/537.36"},"level":"info","message":"Incoming Request: GET /api/docs/admin/swagger-ui.css","query":{},"timestamp":"2024-12-19T03:08:21.510Z"}
{"headers":{"accept":"*/*","accept-encoding":"gzip, deflate, br, zstd","accept-language":"en-US,en;q=0.9","connection":"keep-alive","host":"localhost:5000","if-modified-since":"Tue, 17 Dec 2024 22:30:50 GMT","if-none-match":"W/\"15c282-193d6bed46e\"","referer":"http://localhost:5000/api/docs/admin/","sec-ch-ua":"\"Google Chrome\";v=\"131\", \"Chromium\";v=\"131\", \"Not_A Brand\";v=\"24\"","sec-ch-ua-mobile":"?0","sec-ch-ua-platform":"\"Windows\"","sec-fetch-dest":"script","sec-fetch-mode":"no-cors","sec-fetch-site":"same-origin","user-agent":"Mozilla/5.0 (Windows NT 10.0; Win64; x64) AppleWebKit/537.36 (KHTML, like Gecko) Chrome/131.0.0.0 Safari/537.36"},"level":"info","message":"Incoming Request: GET /api/docs/admin/swagger-ui-bundle.js","query":{},"timestamp":"2024-12-19T03:08:21.515Z"}
{"headers":{"accept":"*/*","accept-encoding":"gzip, deflate, br, zstd","accept-language":"en-US,en;q=0.9","connection":"keep-alive","host":"localhost:5000","if-modified-since":"Tue, 17 Dec 2024 22:30:51 GMT","if-none-match":"W/\"38277-193d6bed6b1\"","referer":"http://localhost:5000/api/docs/admin/","sec-ch-ua":"\"Google Chrome\";v=\"131\", \"Chromium\";v=\"131\", \"Not_A Brand\";v=\"24\"","sec-ch-ua-mobile":"?0","sec-ch-ua-platform":"\"Windows\"","sec-fetch-dest":"script","sec-fetch-mode":"no-cors","sec-fetch-site":"same-origin","user-agent":"Mozilla/5.0 (Windows NT 10.0; Win64; x64) AppleWebKit/537.36 (KHTML, like Gecko) Chrome/131.0.0.0 Safari/537.36"},"level":"info","message":"Incoming Request: GET /api/docs/admin/swagger-ui-standalone-preset.js","query":{},"timestamp":"2024-12-19T03:08:21.520Z"}
{"headers":{"accept":"*/*","accept-encoding":"gzip, deflate, br, zstd","accept-language":"en-US,en;q=0.9","connection":"keep-alive","host":"localhost:5000","if-none-match":"W/\"750-aTSubScaPG71bhE3mWLZvuv8HXY\"","referer":"http://localhost:5000/api/docs/admin/","sec-ch-ua":"\"Google Chrome\";v=\"131\", \"Chromium\";v=\"131\", \"Not_A Brand\";v=\"24\"","sec-ch-ua-mobile":"?0","sec-ch-ua-platform":"\"Windows\"","sec-fetch-dest":"script","sec-fetch-mode":"no-cors","sec-fetch-site":"same-origin","user-agent":"Mozilla/5.0 (Windows NT 10.0; Win64; x64) AppleWebKit/537.36 (KHTML, like Gecko) Chrome/131.0.0.0 Safari/537.36"},"level":"info","message":"Incoming Request: GET /api/docs/admin/swagger-ui-init.js","query":{},"timestamp":"2024-12-19T03:08:21.525Z"}
{"level":"info","message":"Database connection successful","timestamp":"2024-12-19T03:12:02.345Z"}
{"level":"info","message":"Server is running on port 5000","timestamp":"2024-12-19T03:12:02.358Z"}
{"level":"info","message":"Database connection successful","timestamp":"2024-12-19T03:18:38.991Z"}
{"level":"info","message":"Server is running on port 5000","timestamp":"2024-12-19T03:18:39.000Z"}
{"level":"info","message":"Database connection successful","timestamp":"2024-12-19T03:18:45.195Z"}
{"level":"info","message":"Server is running on port 5000","timestamp":"2024-12-19T03:18:45.224Z"}
